<?xml version="1.0" encoding="UTF-8"?>
<!-- Generated by org.testng.reporters.JUnitXMLReporter -->
<testsuite ignored="0" hostname="Parvs-Laptop" failures="0" tests="3" name="Default test" time="32.1" errors="0" timestamp="06 Feb 2022 11:14:20 GMT">
  <testcase classname="com.crm.test.SearchProductTest" name="search" time="6.057"/>
  <testcase classname="com.crm.test.SearchProductTest" name="AddProduct" time="0.617"/>
  <testcase classname="com.crm.test.SearchProductTest" name="addtoCart" time="17.803"/>
</testsuite> <!-- Default test -->
